

Started GET "/" for 127.0.0.1 at 2014-07-14 17:41:47 -0500

ActiveRecord::PendingMigrationError (Migrations are pending; run 'bin/rake db:migrate RAILS_ENV=development' to resolve this issue.):
  activerecord (4.0.5) lib/active_record/migration.rb:383:in `check_pending!'
  activerecord (4.0.5) lib/active_record/migration.rb:370:in `call'
  actionpack (4.0.5) lib/action_dispatch/middleware/callbacks.rb:29:in `block in call'
  activesupport (4.0.5) lib/active_support/callbacks.rb:373:in `_run__609434006255311594__call__callbacks'
  activesupport (4.0.5) lib/active_support/callbacks.rb:80:in `run_callbacks'
  actionpack (4.0.5) lib/action_dispatch/middleware/callbacks.rb:27:in `call'
  actionpack (4.0.5) lib/action_dispatch/middleware/reloader.rb:64:in `call'
  actionpack (4.0.5) lib/action_dispatch/middleware/remote_ip.rb:76:in `call'
  actionpack (4.0.5) lib/action_dispatch/middleware/debug_exceptions.rb:17:in `call'
  actionpack (4.0.5) lib/action_dispatch/middleware/show_exceptions.rb:30:in `call'
  railties (4.0.5) lib/rails/rack/logger.rb:38:in `call_app'
  railties (4.0.5) lib/rails/rack/logger.rb:20:in `block in call'
  activesupport (4.0.5) lib/active_support/tagged_logging.rb:68:in `block in tagged'
  activesupport (4.0.5) lib/active_support/tagged_logging.rb:26:in `tagged'
  activesupport (4.0.5) lib/active_support/tagged_logging.rb:68:in `tagged'
  railties (4.0.5) lib/rails/rack/logger.rb:20:in `call'
  actionpack (4.0.5) lib/action_dispatch/middleware/request_id.rb:21:in `call'
  rack (1.5.2) lib/rack/methodoverride.rb:21:in `call'
  rack (1.5.2) lib/rack/runtime.rb:17:in `call'
  activesupport (4.0.5) lib/active_support/cache/strategy/local_cache.rb:83:in `call'
  rack (1.5.2) lib/rack/lock.rb:17:in `call'
  actionpack (4.0.5) lib/action_dispatch/middleware/static.rb:64:in `call'
  rack (1.5.2) lib/rack/sendfile.rb:112:in `call'
  railties (4.0.5) lib/rails/engine.rb:511:in `call'
  railties (4.0.5) lib/rails/application.rb:97:in `call'
  rack (1.5.2) lib/rack/lock.rb:17:in `call'
  rack (1.5.2) lib/rack/content_length.rb:14:in `call'
  rack (1.5.2) lib/rack/handler/webrick.rb:60:in `service'
  /Users/sean/.rvm/rubies/ruby-2.0.0-p247/lib/ruby/2.0.0/webrick/httpserver.rb:138:in `service'
  /Users/sean/.rvm/rubies/ruby-2.0.0-p247/lib/ruby/2.0.0/webrick/httpserver.rb:94:in `run'
  /Users/sean/.rvm/rubies/ruby-2.0.0-p247/lib/ruby/2.0.0/webrick/server.rb:295:in `block in start_thread'


  Rendered /Users/sean/.rvm/gems/ruby-2.0.0-p247/gems/actionpack-4.0.5/lib/action_dispatch/middleware/templates/rescues/_source.erb (0.7ms)
  Rendered /Users/sean/.rvm/gems/ruby-2.0.0-p247/gems/actionpack-4.0.5/lib/action_dispatch/middleware/templates/rescues/_trace.erb (1.0ms)
  Rendered /Users/sean/.rvm/gems/ruby-2.0.0-p247/gems/actionpack-4.0.5/lib/action_dispatch/middleware/templates/rescues/_request_and_response.erb (0.9ms)
  Rendered /Users/sean/.rvm/gems/ruby-2.0.0-p247/gems/actionpack-4.0.5/lib/action_dispatch/middleware/templates/rescues/diagnostics.erb within rescues/layout (21.8ms)
  [1m[36m (1.2ms)[0m  [1mCREATE TABLE "schema_migrations" ("version" varchar(255) NOT NULL) [0m
  [1m[35m (1.0ms)[0m  CREATE UNIQUE INDEX "unique_schema_migrations" ON "schema_migrations" ("version")
  [1m[36mActiveRecord::SchemaMigration Load (0.1ms)[0m  [1mSELECT "schema_migrations".* FROM "schema_migrations"[0m
Migrating to CreatePetitions (20140714222844)
  [1m[35m (0.1ms)[0m  begin transaction
  [1m[36m (0.3ms)[0m  [1mCREATE TABLE "petitions" ("id" INTEGER PRIMARY KEY AUTOINCREMENT NOT NULL, "cover" varchar(255), "title" varchar(255), "description" text, "signum" integer, "target" varchar(255), "created_at" datetime, "updated_at" datetime) [0m
  [1m[35mSQL (0.3ms)[0m  INSERT INTO "schema_migrations" ("version") VALUES (?)  [["version", "20140714222844"]]
  [1m[36m (1.0ms)[0m  [1mcommit transaction[0m
  [1m[35mActiveRecord::SchemaMigration Load (0.1ms)[0m  SELECT "schema_migrations".* FROM "schema_migrations"


Started GET "/" for 127.0.0.1 at 2014-07-14 17:42:20 -0500
  [1m[36mActiveRecord::SchemaMigration Load (0.1ms)[0m  [1mSELECT "schema_migrations".* FROM "schema_migrations"[0m
Processing by Rails::WelcomeController#index as HTML
  Rendered /Users/sean/.rvm/gems/ruby-2.0.0-p247/gems/railties-4.0.5/lib/rails/templates/rails/welcome/index.html.erb (34.5ms)
Completed 200 OK in 64ms (Views: 43.5ms | ActiveRecord: 0.0ms)


Started GET "/petitions/" for 127.0.0.1 at 2014-07-14 17:42:26 -0500
Processing by PetitionsController#index as HTML
  [1m[35mPetition Load (0.2ms)[0m  SELECT "petitions".* FROM "petitions"
  Rendered petitions/index.html.erb within layouts/application (2.3ms)
Completed 200 OK in 940ms (Views: 937.7ms | ActiveRecord: 0.2ms)


Started GET "/assets/application.css?body=1" for 127.0.0.1 at 2014-07-14 17:42:27 -0500


Started GET "/assets/jquery.js?body=1" for 127.0.0.1 at 2014-07-14 17:42:27 -0500


Started GET "/assets/jquery_ujs.js?body=1" for 127.0.0.1 at 2014-07-14 17:42:27 -0500


Started GET "/assets/petitions.css?body=1" for 127.0.0.1 at 2014-07-14 17:42:27 -0500


Started GET "/assets/scaffolds.css?body=1" for 127.0.0.1 at 2014-07-14 17:42:27 -0500


Started GET "/assets/turbolinks.js?body=1" for 127.0.0.1 at 2014-07-14 17:42:27 -0500


Started GET "/assets/petitions.js?body=1" for 127.0.0.1 at 2014-07-14 17:42:28 -0500


Started GET "/assets/application.js?body=1" for 127.0.0.1 at 2014-07-14 17:42:28 -0500


Started GET "/petitions/new" for 127.0.0.1 at 2014-07-14 17:42:30 -0500
Processing by PetitionsController#new as HTML
  Rendered petitions/_form.html.erb (36.5ms)
  Rendered petitions/new.html.erb within layouts/application (42.4ms)
Completed 200 OK in 52ms (Views: 49.1ms | ActiveRecord: 0.5ms)


Started POST "/petitions" for 127.0.0.1 at 2014-07-14 17:43:51 -0500
Processing by PetitionsController#create as HTML
  Parameters: {"utf8"=>"✓", "authenticity_token"=>"tEIjX2UhiL5DT+xSvtzUnYVj+3wrIViItny0zZKBvWs=", "petition"=>{"cover"=>"", "title"=>"Help us make sense of this mess!", "description"=>"This app is so messy that I had to go back and rewrite it all over again! It was super depressing.\r\n\r\nBy supporting this petition, you're basically saying that I should take another shot at it; this time taking care to properly put things together in a more sane and reasonable way.", "signum"=>"5", "target"=>"Sean Tilley"}, "commit"=>"Create Petition"}
  [1m[36m (0.2ms)[0m  [1mbegin transaction[0m
  [1m[35mSQL (39.5ms)[0m  INSERT INTO "petitions" ("cover", "created_at", "description", "signum", "target", "title", "updated_at") VALUES (?, ?, ?, ?, ?, ?, ?)  [["cover", ""], ["created_at", Mon, 14 Jul 2014 22:43:51 UTC +00:00], ["description", "This app is so messy that I had to go back and rewrite it all over again! It was super depressing.\r\n\r\nBy supporting this petition, you're basically saying that I should take another shot at it; this time taking care to properly put things together in a more sane and reasonable way."], ["signum", 5], ["target", "Sean Tilley"], ["title", "Help us make sense of this mess!"], ["updated_at", Mon, 14 Jul 2014 22:43:51 UTC +00:00]]
  [1m[36m (0.8ms)[0m  [1mcommit transaction[0m
Redirected to http://0.0.0.0:3000/petitions/1
Completed 302 Found in 47ms (ActiveRecord: 40.5ms)


Started GET "/petitions/1" for 127.0.0.1 at 2014-07-14 17:43:51 -0500
Processing by PetitionsController#show as HTML
  Parameters: {"id"=>"1"}
  [1m[35mPetition Load (0.3ms)[0m  SELECT "petitions".* FROM "petitions" WHERE "petitions"."id" = ? LIMIT 1  [["id", "1"]]
  Rendered petitions/show.html.erb within layouts/application (1.6ms)
Completed 200 OK in 11ms (Views: 7.4ms | ActiveRecord: 0.3ms)


Started GET "/assets/scaffolds.css?body=1" for 127.0.0.1 at 2014-07-14 17:43:51 -0500


Started GET "/assets/petitions.css?body=1" for 127.0.0.1 at 2014-07-14 17:43:51 -0500


Started GET "/assets/application.js?body=1" for 127.0.0.1 at 2014-07-14 17:43:51 -0500


Started GET "/assets/turbolinks.js?body=1" for 127.0.0.1 at 2014-07-14 17:43:51 -0500


Started GET "/assets/petitions.js?body=1" for 127.0.0.1 at 2014-07-14 17:43:51 -0500


Started GET "/assets/jquery_ujs.js?body=1" for 127.0.0.1 at 2014-07-14 17:43:51 -0500


Started GET "/assets/jquery.js?body=1" for 127.0.0.1 at 2014-07-14 17:43:51 -0500
